2025-04-03 10:16:59 [[32minfo[39m]: Init Scripts!!
2025-04-03 10:16:59 [[32minfo[39m]: Server is running at http://localhost:3000
2025-04-03 10:17:00 [[32minfo[39m]: CRON Running each minute! for testing!! //TODO change to 24h
2025-04-03 10:17:00 [[32minfo[39m]: Liquidity Pools found: 271
2025-04-03 10:17:00 [[32minfo[39m]: Saved 271 records!
2025-04-03 10:18:00 [[32minfo[39m]: CRON Running each minute! for testing!! //TODO change to 24h
2025-04-03 10:18:00 [[31merror[39m]: Error fecthing Liquidity Pools 
2025-04-03 10:19:00 [[32minfo[39m]: CRON Running each minute! for testing!! //TODO change to 24h
2025-04-03 10:19:00 [[31merror[39m]: Error fecthing Liquidity Pools 
2025-04-03 10:19:46 [[32minfo[39m]: Init Scripts!!
2025-04-03 10:19:46 [[32minfo[39m]: Server is running at http://localhost:3000
2025-04-03 10:20:00 [[32minfo[39m]: CRON Running each minute! for testing!! //TODO change to 24h
2025-04-03 10:20:00 [[31merror[39m]: Error fecthing Liquidity Pools 
2025-04-03 10:20:14 [[32minfo[39m]: Init Scripts!!
2025-04-03 10:20:14 [[32minfo[39m]: Server is running at http://localhost:3000
2025-04-03 10:20:55 [[32minfo[39m]: Init Scripts!!
2025-04-03 10:20:55 [[32minfo[39m]: Server is running at http://localhost:3000
2025-04-03 10:21:00 [[32minfo[39m]: CRON Running each minute! for testing!! //TODO change to 24h
2025-04-03 10:21:00 [[31merror[39m]: Error fecthing Liquidity Pools 
2025-04-03 10:22:00 [[32minfo[39m]: CRON Running each minute! for testing!! //TODO change to 24h
2025-04-03 10:22:00 [[31merror[39m]: Error fecthing Liquidity Pools 
2025-04-03 10:27:37 [[32minfo[39m]: Init Scripts!!
2025-04-03 10:27:37 [[32minfo[39m]: Server is running at http://localhost:3000
2025-04-03 10:28:00 [[32minfo[39m]: CRON Running each minute! for testing!! //TODO change to 24h
2025-04-03 10:28:01 [[32minfo[39m]: Liquidity Pools found: 271
2025-04-03 10:28:01 [[32minfo[39m]: Saved 271 records!
2025-04-03 10:29:00 [[32minfo[39m]: CRON Running each minute! for testing!! //TODO change to 24h
2025-04-03 10:29:00 [[31merror[39m]: Error fecthing Liquidity Pools 
2025-04-03 10:29:38 [[32minfo[39m]: Init Scripts!!
2025-04-03 10:29:38 [[32minfo[39m]: Server is running at http://localhost:3000
2025-04-03 10:30:00 [[32minfo[39m]: CRON Running each minute! for testing!! //TODO change to 24h
2025-04-03 10:30:00 [[31merror[39m]: Error fecthing Liquidity Pools code: ENOTFOUND 
2025-04-03 10:43:09 [[32minfo[39m]: Init Scripts!!
2025-04-03 10:43:09 [[32minfo[39m]: Server is running at http://localhost:3000
2025-04-03 10:44:00 [[32minfo[39m]: CRON Running each minute! for testing!! //TODO change to 24h
2025-04-03 10:48:42 [[32minfo[39m]: Init Scripts!!
2025-04-03 10:48:42 [[32minfo[39m]: Server is running at http://localhost:3000
2025-04-03 10:49:00 [[32minfo[39m]: CRON Running each minute! for testing!! //TODO change to 24h
2025-04-03 11:28:52 [[32minfo[39m]: Init Scripts!!
2025-04-03 11:28:52 [[32minfo[39m]: Server is running at http://localhost:3000
2025-04-03 11:29:00 [[32minfo[39m]: CRON Running each minute! for testing!! //TODO change to 24h
2025-04-03 11:29:01 [[32minfo[39m]: Liquidity Pools found: 271
2025-04-03 11:29:01 [[32minfo[39m]: Saved 271 records!
2025-04-03 11:30:00 [[32minfo[39m]: CRON Running each minute! for testing!! //TODO change to 24h
2025-04-03 11:30:01 [[32minfo[39m]: Liquidity Pools found: 271
2025-04-03 11:30:01 [[32minfo[39m]: Saved 271 records!
2025-04-03 11:31:00 [[32minfo[39m]: CRON Running each minute! for testing!! //TODO change to 24h
2025-04-03 11:31:01 [[32minfo[39m]: Liquidity Pools found: 271
2025-04-03 11:31:01 [[32minfo[39m]: Saved 271 records!
2025-04-03 11:32:00 [[32minfo[39m]: CRON Running each minute! for testing!! //TODO change to 24h
2025-04-03 11:32:00 [[32minfo[39m]: Liquidity Pools found: 271
2025-04-03 11:32:00 [[32minfo[39m]: Saved 271 records!
2025-04-03 11:33:00 [[32minfo[39m]: CRON Running each minute! for testing!! //TODO change to 24h
2025-04-03 11:33:01 [[32minfo[39m]: Liquidity Pools found: 271
2025-04-03 11:33:01 [[32minfo[39m]: Saved 271 records!
2025-04-03 11:34:00 [[32minfo[39m]: CRON Running each minute! for testing!! //TODO change to 24h
2025-04-03 11:34:01 [[32minfo[39m]: Liquidity Pools found: 271
2025-04-03 11:34:01 [[32minfo[39m]: Saved 271 records!
2025-04-03 11:35:00 [[32minfo[39m]: CRON Running each minute! for testing!! //TODO change to 24h
2025-04-03 11:35:01 [[32minfo[39m]: Liquidity Pools found: 271
2025-04-03 11:35:01 [[32minfo[39m]: Saved 271 records!
2025-04-03 11:36:00 [[32minfo[39m]: CRON Running each minute! for testing!! //TODO change to 24h
2025-04-03 11:36:00 [[32minfo[39m]: Liquidity Pools found: 271
2025-04-03 11:36:00 [[32minfo[39m]: Saved 271 records!
2025-04-03 11:37:00 [[32minfo[39m]: CRON Running each minute! for testing!! //TODO change to 24h
2025-04-03 11:37:01 [[32minfo[39m]: Liquidity Pools found: 271
2025-04-03 11:37:01 [[32minfo[39m]: Saved 271 records!
2025-04-03 11:38:00 [[32minfo[39m]: CRON Running each minute! for testing!! //TODO change to 24h
2025-04-03 11:38:00 [[32minfo[39m]: Liquidity Pools found: 271
2025-04-03 11:38:00 [[32minfo[39m]: Saved 271 records!
2025-04-03 11:39:00 [[32minfo[39m]: CRON Running each minute! for testing!! //TODO change to 24h
2025-04-03 11:39:01 [[32minfo[39m]: Liquidity Pools found: 271
2025-04-03 11:39:01 [[32minfo[39m]: Saved 271 records!
2025-04-03 11:40:00 [[32minfo[39m]: CRON Running each minute! for testing!! //TODO change to 24h
2025-04-03 11:40:00 [[32minfo[39m]: Liquidity Pools found: 271
2025-04-03 11:40:00 [[32minfo[39m]: Saved 271 records!
2025-04-03 11:41:00 [[32minfo[39m]: CRON Running each minute! for testing!! //TODO change to 24h
2025-04-03 11:41:01 [[32minfo[39m]: Liquidity Pools found: 271
2025-04-03 11:41:01 [[32minfo[39m]: Saved 271 records!
2025-04-03 11:42:00 [[32minfo[39m]: CRON Running each minute! for testing!! //TODO change to 24h
2025-04-03 11:42:00 [[32minfo[39m]: Liquidity Pools found: 271
2025-04-03 11:42:00 [[32minfo[39m]: Saved 271 records!
2025-04-03 11:47:40 [[32minfo[39m]: Init Scripts!!
2025-04-03 11:47:40 [[32minfo[39m]: Server is running at http://localhost:3000
2025-04-03 11:48:00 [[32minfo[39m]: CRON Running each minute! for testing!! //TODO change to 24h
2025-04-03 11:48:02 [[32minfo[39m]: Liquidity Pools found: 271
2025-04-03 11:48:02 [[32minfo[39m]: Saved 271 records!
2025-04-03 11:48:27 [[32minfo[39m]: Init Scripts!!
2025-04-03 11:48:27 [[32minfo[39m]: Server is running at http://localhost:3000
2025-04-03 11:49:00 [[32minfo[39m]: CRON Running each minute! for testing!! //TODO change to 24h
2025-04-03 11:49:01 [[32minfo[39m]: Liquidity Pools found: 271
2025-04-03 11:49:01 [[32minfo[39m]: Saved 271 records!
2025-04-03 11:53:17 [[32minfo[39m]: Init Scripts!!
2025-04-03 11:53:17 [[32minfo[39m]: Server is running at http://localhost:3000
2025-04-03 11:54:00 [[32minfo[39m]: CRON Running each minute! for testing!! //TODO change to 24h
2025-04-03 11:54:01 [[32minfo[39m]: HERPC nodes tested, lastWorking: https://api.primersion.com, checkedTS: 1743695641
2025-04-03 11:54:02 [[32minfo[39m]: Liquidity Pools found: 271
2025-04-03 11:54:02 [[32minfo[39m]: Saved 271 records!
2025-04-03 11:54:41 [[32minfo[39m]: Init Scripts!!
2025-04-03 11:54:41 [[32minfo[39m]: Server is running at http://localhost:3000
2025-04-03 11:55:00 [[32minfo[39m]: CRON Running each minute! for testing!! //TODO change to 24h
2025-04-03 11:55:00 [[32minfo[39m]: HERPC nodes tested, lastWorking: https://api.primersion.com, checkedTS: 1743695700
2025-04-03 11:55:01 [[32minfo[39m]: Liquidity Pools found: 271
2025-04-03 11:55:01 [[32minfo[39m]: Saved 271 records!
2025-04-03 11:55:14 [[32minfo[39m]: Init Scripts!!
2025-04-03 11:55:14 [[32minfo[39m]: Server is running at http://localhost:3000
2025-04-03 11:56:00 [[32minfo[39m]: CRON Running each minute! for testing!! //TODO change to 24h
2025-04-03 11:56:01 [[32minfo[39m]: HERPC nodes tested, lastWorking: https://api.primersion.com, checkedTS: 1743695761
2025-04-03 11:56:02 [[32minfo[39m]: Liquidity Pools found: 271
2025-04-03 11:56:02 [[32minfo[39m]: Saved 271 records!
2025-04-03 11:56:25 [[32minfo[39m]: Init Scripts!!
2025-04-03 11:56:25 [[32minfo[39m]: Server is running at http://localhost:3000
2025-04-03 11:57:00 [[32minfo[39m]: CRON Running each minute! for testing!! //TODO change to 24h
2025-04-03 11:57:01 [[32minfo[39m]: HERPC nodes tested, lastWorking: https://api.primersion.com, checkedTS: 1743695821
2025-04-03 11:57:01 [[32minfo[39m]: Liquidity Pools found: 271
2025-04-03 11:57:02 [[32minfo[39m]: Saved 271 records!
2025-04-03 11:58:00 [[32minfo[39m]: CRON Running each minute! for testing!! //TODO change to 24h
2025-04-03 11:58:00 [[32minfo[39m]: HERPC nodes tested, lastWorking: https://enginerpc.com, checkedTS: 1743695880
2025-04-03 11:58:01 [[32minfo[39m]: Liquidity Pools found: 271
2025-04-03 11:58:01 [[32minfo[39m]: Saved 271 records!
2025-04-03 11:58:52 [[32minfo[39m]: Init Scripts!!
2025-04-03 11:58:52 [[32minfo[39m]: Server is running at http://localhost:3000
2025-04-03 11:59:00 [[32minfo[39m]: CRON Running each minute! for testing!! //TODO change to 24h
2025-04-03 11:59:01 [[32minfo[39m]: HERPC nodes tested, lastWorking: https://enginerpc.com, checkedTS: 1743695941
2025-04-03 11:59:01 [[32minfo[39m]: Liquidity Pools found: 271
2025-04-03 11:59:01 [[32minfo[39m]: Saved 271 records!
2025-04-03 12:00:00 [[32minfo[39m]: CRON Running each minute! for testing!! //TODO change to 24h
2025-04-03 12:00:00 [[32minfo[39m]: HERPC nodes tested, lastWorking: https://herpc.actifit.io, checkedTS: 1743696000
2025-04-03 12:00:01 [[32minfo[39m]: Liquidity Pools found: 271
2025-04-03 12:00:01 [[32minfo[39m]: Saved 271 records!
2025-04-03 12:01:00 [[32minfo[39m]: CRON Running each minute! for testing!! //TODO change to 24h
2025-04-03 12:01:01 [[32minfo[39m]: HERPC nodes tested, lastWorking: https://enginerpc.com, checkedTS: 1743696061
2025-04-03 12:01:01 [[32minfo[39m]: Liquidity Pools found: 271
2025-04-03 12:01:01 [[32minfo[39m]: Saved 271 records!
2025-04-03 12:02:00 [[32minfo[39m]: CRON Running each minute! for testing!! //TODO change to 24h
2025-04-03 12:02:00 [[32minfo[39m]: HERPC nodes tested, lastWorking: https://herpc.actifit.io, checkedTS: 1743696120
2025-04-03 12:02:01 [[32minfo[39m]: Liquidity Pools found: 271
2025-04-03 12:02:01 [[32minfo[39m]: Saved 271 records!
2025-04-03 12:03:00 [[32minfo[39m]: CRON Running each minute! for testing!! //TODO change to 24h
2025-04-03 12:03:01 [[32minfo[39m]: HERPC nodes tested, lastWorking: https://herpc.actifit.io, checkedTS: 1743696181
2025-04-03 12:03:01 [[32minfo[39m]: Liquidity Pools found: 271
2025-04-03 12:03:02 [[32minfo[39m]: Saved 271 records!
2025-04-03 12:04:00 [[32minfo[39m]: CRON Running each minute! for testing!! //TODO change to 24h
2025-04-03 12:04:00 [[32minfo[39m]: HERPC nodes tested, lastWorking: https://herpc.kanibot.com, checkedTS: 1743696240
2025-04-03 12:04:01 [[32minfo[39m]: Liquidity Pools found: 271
2025-04-03 12:04:01 [[32minfo[39m]: Saved 271 records!
2025-04-03 12:06:22 [[32minfo[39m]: Init Scripts!!
2025-04-03 12:06:22 [[32minfo[39m]: Server is running at http://localhost:3000
2025-04-03 12:07:00 [[32minfo[39m]: CRON Running each minute! for testing!! //TODO change to 24h
2025-04-03 12:07:00 [[32minfo[39m]: HERPC nodes tested, lastWorking: https://enginerpc.com, checkedTS: 1743696420
2025-04-03 12:07:01 [[32minfo[39m]: Liquidity Pools found: 271
2025-04-03 12:07:01 [[32minfo[39m]: Saved 271 records!
